android/app/build/intermediates/manifest_merge_blame_file/debug/manifest-merger-blame-debug-report.txt
1<?xml version="1.0" encoding="utf-8"?>
2<manifest xmlns:android="http://schemas.android.com/apk/res/android"
3    package="com.chatapp"
4    android:versionCode="1"
5    android:versionName="1.0" >
6
7    <uses-sdk
8        android:minSdkVersion="23"
9        android:targetSdkVersion="34" />
10
11    <uses-permission android:name="android.permission.ACCESS_WIFI_STATE" />
11-->src\main\AndroidManifest.xml:3:5-76
11-->src\main\AndroidManifest.xml:3:22-73
12    <uses-permission android:name="android.permission.RECORD_AUDIO" />
12-->src\main\AndroidManifest.xml:4:5-71
12-->src\main\AndroidManifest.xml:4:22-68
13    <uses-permission android:name="android.permission.INTERNET" />
13-->src\main\AndroidManifest.xml:5:5-67
13-->src\main\AndroidManifest.xml:5:22-64
14    <uses-permission android:name="android.permission.ACCESS_NETWORK_STATE" />
14-->src\main\AndroidManifest.xml:6:5-79
14-->src\main\AndroidManifest.xml:6:22-76
15    <uses-permission android:name="android.permission.CAMERA" />
15-->src\main\AndroidManifest.xml:7:5-65
15-->src\main\AndroidManifest.xml:7:22-62
16    <uses-permission android:name="android.permission.BLUETOOTH" />
16-->src\main\AndroidManifest.xml:8:5-68
16-->src\main\AndroidManifest.xml:8:22-65
17    <uses-permission android:name="android.permission.MODIFY_AUDIO_SETTINGS" />
17-->src\main\AndroidManifest.xml:9:5-80
17-->src\main\AndroidManifest.xml:9:22-77
18    <uses-permission android:name="android.permission.WRITE_EXTERNAL_STORAGE" />
18-->src\main\AndroidManifest.xml:10:5-81
18-->src\main\AndroidManifest.xml:10:22-78
19    <uses-permission
19-->src\main\AndroidManifest.xml:11:5-75
20        android:name="android.permission.READ_PHONE_STATE"
20-->src\main\AndroidManifest.xml:11:22-72
21        android:maxSdkVersion="29" />
21-->[:zegocloud_react-native-callkeep] AndroidManifest.xml:10:9-35
22    <uses-permission android:name="android.permission.WAKE_LOCK" />
22-->src\main\AndroidManifest.xml:12:5-68
22-->src\main\AndroidManifest.xml:12:22-65
23    <uses-permission android:name="android.permission.VIBRATE" />
23-->src\main\AndroidManifest.xml:13:5-65
23-->src\main\AndroidManifest.xml:13:22-63
24    <uses-permission android:name="android.permission.GET_TASKS" />
24-->src\main\AndroidManifest.xml:15:5-68
24-->src\main\AndroidManifest.xml:15:22-65
25    <uses-permission android:name="android.permission.BIND_TELECOM_CONNECTION_SERVICE" />
25-->src\main\AndroidManifest.xml:16:5-89
25-->src\main\AndroidManifest.xml:16:22-87
26    <uses-permission android:name="android.permission.FOREGROUND_SERVICE" />
26-->src\main\AndroidManifest.xml:17:5-77
26-->src\main\AndroidManifest.xml:17:22-74
27    <uses-permission android:name="android.permission.CALL_PHONE" />
27-->src\main\AndroidManifest.xml:18:5-69
27-->src\main\AndroidManifest.xml:18:22-66
28    <uses-permission android:name="android.permission.DISABLE_KEYGUARD" />
28-->src\main\AndroidManifest.xml:19:5-74
28-->src\main\AndroidManifest.xml:19:22-72
29    <uses-permission android:name="android.permission.READ_PHONE_NUMBERS" />
29-->[:zegocloud_react-native-callkeep] AndroidManifest.xml:11:5-77
29-->[:zegocloud_react-native-callkeep] AndroidManifest.xml:11:22-74
30    <uses-permission android:name="android.permission.MANAGE_OWN_CALLS" />
30-->[:zegocloud_react-native-callkeep] AndroidManifest.xml:12:5-75
30-->[:zegocloud_react-native-callkeep] AndroidManifest.xml:12:22-72
31    <uses-permission android:name="android.permission.REORDER_TASKS" />
31-->[:zegocloud_zego-uikit-prebuilt-call-rn] AndroidManifest.xml:19:5-72
31-->[:zegocloud_zego-uikit-prebuilt-call-rn] AndroidManifest.xml:19:22-69
32    <uses-permission android:name="android.permission.POST_NOTIFICATIONS" />
32-->[:zegocloud_zego-uikit-prebuilt-call-rn] AndroidManifest.xml:20:5-77
32-->[:zegocloud_zego-uikit-prebuilt-call-rn] AndroidManifest.xml:20:22-74
33    <uses-permission android:name="android.permission.FOREGROUND_SERVICE_DATA_SYNC" />
33-->[:zegocloud_zego-uikit-prebuilt-call-rn] AndroidManifest.xml:22:5-87
33-->[:zegocloud_zego-uikit-prebuilt-call-rn] AndroidManifest.xml:22:22-84
34    <uses-permission android:name="android.permission.SYSTEM_ALERT_WINDOW" />
34-->[:zegocloud_zego-uikit-prebuilt-call-rn] AndroidManifest.xml:23:5-78
34-->[:zegocloud_zego-uikit-prebuilt-call-rn] AndroidManifest.xml:23:22-75
35    <uses-permission android:name="android.permission.SYSTEM_OVERLAY_WINDOW" />
35-->[:zegocloud_zego-uikit-prebuilt-call-rn] AndroidManifest.xml:24:5-80
35-->[:zegocloud_zego-uikit-prebuilt-call-rn] AndroidManifest.xml:24:22-77
36    <uses-permission android:name="android.permission.READ_EXTERNAL_STORAGE" /> <!-- Required by older versions of Google Play services to create IID tokens -->
37    <uses-permission android:name="com.google.android.c2dm.permission.RECEIVE" />
37-->[com.google.firebase:firebase-messaging:24.0.0] AndroidManifest.xml:26:5-82
37-->[com.google.firebase:firebase-messaging:24.0.0] AndroidManifest.xml:26:22-79
38    <uses-permission android:name="com.google.android.gms.permission.AD_ID" />
38-->[com.google.android.gms:play-services-measurement-api:22.0.0] AndroidManifest.xml:25:5-79
38-->[com.google.android.gms:play-services-measurement-api:22.0.0] AndroidManifest.xml:25:22-76
39    <uses-permission android:name="android.permission.ACCESS_ADSERVICES_ATTRIBUTION" />
39-->[com.google.android.gms:play-services-measurement-api:22.0.0] AndroidManifest.xml:26:5-88
39-->[com.google.android.gms:play-services-measurement-api:22.0.0] AndroidManifest.xml:26:22-85
40    <uses-permission android:name="android.permission.ACCESS_ADSERVICES_AD_ID" />
40-->[com.google.android.gms:play-services-measurement-api:22.0.0] AndroidManifest.xml:27:5-82
40-->[com.google.android.gms:play-services-measurement-api:22.0.0] AndroidManifest.xml:27:22-79
41    <uses-permission android:name="com.google.android.finsky.permission.BIND_GET_INSTALL_REFERRER_SERVICE" />
41-->[com.google.android.gms:play-services-measurement:22.0.0] AndroidManifest.xml:26:5-110
41-->[com.google.android.gms:play-services-measurement:22.0.0] AndroidManifest.xml:26:22-107
42    <uses-permission android:name="android.permission.RECEIVE_BOOT_COMPLETED" />
42-->[androidx.work:work-runtime:2.7.1] AndroidManifest.xml:27:5-81
42-->[androidx.work:work-runtime:2.7.1] AndroidManifest.xml:27:22-78
43
44    <permission
44-->[androidx.core:core:1.9.0] AndroidManifest.xml:22:5-24:47
45        android:name="com.chatapp.DYNAMIC_RECEIVER_NOT_EXPORTED_PERMISSION"
45-->[androidx.core:core:1.9.0] AndroidManifest.xml:23:9-81
46        android:protectionLevel="signature" />
46-->[androidx.core:core:1.9.0] AndroidManifest.xml:24:9-44
47
48    <uses-permission android:name="com.chatapp.DYNAMIC_RECEIVER_NOT_EXPORTED_PERMISSION" />
48-->[androidx.core:core:1.9.0] AndroidManifest.xml:26:5-97
48-->[androidx.core:core:1.9.0] AndroidManifest.xml:26:22-94
49    <uses-permission android:name="android.permission.USE_FULL_SCREEN_INTENT" />
49-->[app.notifee:core:202108261754] AndroidManifest.xml:15:5-81
49-->[app.notifee:core:202108261754] AndroidManifest.xml:15:22-78
50    <uses-permission android:name="android.permission.SCHEDULE_EXACT_ALARM" />
50-->[app.notifee:core:202108261754] AndroidManifest.xml:16:5-79
50-->[app.notifee:core:202108261754] AndroidManifest.xml:16:22-76
51    <uses-permission
51-->[app.notifee:core:202108261754] AndroidManifest.xml:17:5-19:38
52        android:name="android.permission.BROADCAST_CLOSE_SYSTEM_DIALOGS"
52-->[app.notifee:core:202108261754] AndroidManifest.xml:18:9-73
53        android:maxSdkVersion="30" /> <!-- 华为推送 -->
53-->[app.notifee:core:202108261754] AndroidManifest.xml:19:9-35
54    <queries>
54-->[im.zego:zpns:2.5.0] AndroidManifest.xml:17:5-21:15
55        <intent>
55-->[im.zego:zpns:2.5.0] AndroidManifest.xml:18:9-20:18
56            <action android:name="com.huawei.hms.core.aidlservice" />
56-->[im.zego:zpns:2.5.0] AndroidManifest.xml:19:13-70
56-->[im.zego:zpns:2.5.0] AndroidManifest.xml:19:21-67
57        </intent>
58    </queries>
59
60    <application
60-->src\main\AndroidManifest.xml:21:5-40:19
61        android:name="com.chatapp.MainApplication"
61-->src\main\AndroidManifest.xml:22:7-38
62        android:allowBackup="false"
62-->src\main\AndroidManifest.xml:26:7-34
63        android:appComponentFactory="androidx.core.app.CoreComponentFactory"
63-->[androidx.core:core:1.9.0] AndroidManifest.xml:28:18-86
64        android:debuggable="true"
65        android:extractNativeLibs="false"
66        android:icon="@mipmap/ic_launcher"
66-->src\main\AndroidManifest.xml:24:7-41
67        android:label="@string/app_name"
67-->src\main\AndroidManifest.xml:23:7-39
68        android:roundIcon="@mipmap/ic_launcher_round"
68-->src\main\AndroidManifest.xml:25:7-52
69        android:theme="@style/AppTheme"
69-->src\main\AndroidManifest.xml:27:7-38
70        android:usesCleartextTraffic="true" >
70-->src\debug\AndroidManifest.xml:6:9-44
71        <activity
71-->src\main\AndroidManifest.xml:28:7-39:18
72            android:name="com.chatapp.MainActivity"
72-->src\main\AndroidManifest.xml:29:9-37
73            android:configChanges="keyboard|keyboardHidden|orientation|screenLayout|screenSize|smallestScreenSize|uiMode"
73-->src\main\AndroidManifest.xml:31:9-118
74            android:exported="true"
74-->src\main\AndroidManifest.xml:34:9-32
75            android:label="@string/app_name"
75-->src\main\AndroidManifest.xml:30:9-41
76            android:launchMode="singleTask"
76-->src\main\AndroidManifest.xml:32:9-40
77            android:windowSoftInputMode="adjustResize" >
77-->src\main\AndroidManifest.xml:33:9-51
78            <intent-filter>
78-->src\main\AndroidManifest.xml:35:9-38:25
79                <action android:name="android.intent.action.MAIN" />
79-->src\main\AndroidManifest.xml:36:13-65
79-->src\main\AndroidManifest.xml:36:21-62
80
81                <category android:name="android.intent.category.LAUNCHER" />
81-->src\main\AndroidManifest.xml:37:13-73
81-->src\main\AndroidManifest.xml:37:23-70
82            </intent-filter>
83        </activity>
84
85        <provider
85-->[:notifee_react-native] AndroidManifest.xml:8:9-12:40
86            android:name="io.invertase.notifee.NotifeeInitProvider"
86-->[:notifee_react-native] AndroidManifest.xml:9:13-68
87            android:authorities="com.chatapp.notifee-init-provider"
87-->[:notifee_react-native] AndroidManifest.xml:10:13-73
88            android:exported="false"
88-->[:notifee_react-native] AndroidManifest.xml:11:13-37
89            android:initOrder="-100" />
89-->[:notifee_react-native] AndroidManifest.xml:12:13-37
90
91        <service
91-->[:zegocloud_zego-uikit-prebuilt-call-rn] AndroidManifest.xml:28:9-31:19
92            android:name="com.zegouikitprebuiltcallrn.OffLineCallNotificationService"
92-->[:zegocloud_zego-uikit-prebuilt-call-rn] AndroidManifest.xml:29:13-86
93            android:foregroundServiceType="dataSync" >
93-->[:zegocloud_zego-uikit-prebuilt-call-rn] AndroidManifest.xml:30:13-53
94        </service>
95
96        <provider
96-->[:react-native-image-picker] AndroidManifest.xml:8:9-16:20
97            android:name="com.imagepicker.ImagePickerProvider"
97-->[:react-native-image-picker] AndroidManifest.xml:9:13-63
98            android:authorities="com.chatapp.imagepickerprovider"
98-->[:react-native-image-picker] AndroidManifest.xml:10:13-71
99            android:exported="false"
99-->[:react-native-image-picker] AndroidManifest.xml:11:13-37
100            android:grantUriPermissions="true" >
100-->[:react-native-image-picker] AndroidManifest.xml:12:13-47
101            <meta-data
101-->[:react-native-image-picker] AndroidManifest.xml:13:13-15:70
102                android:name="android.support.FILE_PROVIDER_PATHS"
102-->[:react-native-image-picker] AndroidManifest.xml:14:17-67
103                android:resource="@xml/imagepicker_provider_paths" />
103-->[:react-native-image-picker] AndroidManifest.xml:15:17-67
104        </provider>
105
106        <activity
106-->[:zego-express-engine-reactnative] AndroidManifest.xml:10:9-15:64
107            android:name="im.zego.internal.screencapture.ZegoScreenCaptureManager$ZegoScreenCaptureAssistantActivity"
107-->[:zego-express-engine-reactnative] AndroidManifest.xml:11:13-118
108            android:configChanges="screenSize|orientation"
108-->[:zego-express-engine-reactnative] AndroidManifest.xml:12:13-59
109            android:exported="false"
109-->[:zego-express-engine-reactnative] AndroidManifest.xml:13:13-37
110            android:screenOrientation="fullUser"
110-->[:zego-express-engine-reactnative] AndroidManifest.xml:14:13-49
111            android:theme="@android:style/Theme.Translucent" />
111-->[:zego-express-engine-reactnative] AndroidManifest.xml:15:13-61
112
113        <service
113-->[:zego-express-engine-reactnative] AndroidManifest.xml:17:9-25:19
114            android:name="im.zego.internal.screencapture.ZegoScreenCaptureService"
114-->[:zego-express-engine-reactnative] AndroidManifest.xml:18:13-83
115            android:enabled="true"
115-->[:zego-express-engine-reactnative] AndroidManifest.xml:19:13-35
116            android:exported="false"
116-->[:zego-express-engine-reactnative] AndroidManifest.xml:20:13-37
117            android:foregroundServiceType="mediaProjection" >
117-->[:zego-express-engine-reactnative] AndroidManifest.xml:21:13-60
118            <intent-filter>
118-->[:zego-express-engine-reactnative] AndroidManifest.xml:22:13-24:29
119                <action android:name="android.intent.action.screenshare" />
119-->[:zego-express-engine-reactnative] AndroidManifest.xml:23:17-76
119-->[:zego-express-engine-reactnative] AndroidManifest.xml:23:25-73
120            </intent-filter>
121        </service>
122
123        <receiver
123-->[:zego-zpns-react-native] AndroidManifest.xml:10:9-17:20
124            android:name="im.zego.zpns_reactnative_sdk.internal.ZPNsPluginEventHandler"
124-->[:zego-zpns-react-native] AndroidManifest.xml:11:13-88
125            android:enabled="true"
125-->[:zego-zpns-react-native] AndroidManifest.xml:12:13-35
126            android:exported="true" >
126-->[:zego-zpns-react-native] AndroidManifest.xml:13:13-36
127            <intent-filter>
127-->[:zego-zpns-react-native] AndroidManifest.xml:14:13-16:29
128                <action android:name="im.zego.zim.zpns.intent.action.MESSAGE" />
128-->[:zego-zpns-react-native] AndroidManifest.xml:15:17-81
128-->[:zego-zpns-react-native] AndroidManifest.xml:15:25-78
129            </intent-filter>
130        </receiver>
131        <receiver
131-->[:zego-zpns-react-native] AndroidManifest.xml:18:9-25:20
132            android:name="im.zego.zpns_reactnative_sdk.internal.ZPNsFCMReceiver"
132-->[:zego-zpns-react-native] AndroidManifest.xml:19:13-81
133            android:exported="true"
133-->[:zego-zpns-react-native] AndroidManifest.xml:20:13-36
134            android:permission="com.google.android.c2dm.permission.SEND" >
134-->[:zego-zpns-react-native] AndroidManifest.xml:21:13-73
135            <intent-filter>
135-->[:zego-zpns-react-native] AndroidManifest.xml:22:13-24:29
136                <action android:name="com.google.android.c2dm.intent.RECEIVE" />
136-->[:zego-zpns-react-native] AndroidManifest.xml:23:17-81
136-->[:zego-zpns-react-native] AndroidManifest.xml:23:25-78
137            </intent-filter>
138        </receiver>
139
140        <service
140-->[:zego-zpns-react-native] AndroidManifest.xml:27:9-32:19
141            android:name="im.zego.zpns_reactnative_sdk.internal.ZPNsService"
141-->[:zego-zpns-react-native] AndroidManifest.xml:28:13-77
142            android:directBootAware="true"
142-->[:zego-zpns-react-native] AndroidManifest.xml:29:13-43
143            android:exported="false"
143-->[:zego-zpns-react-native] AndroidManifest.xml:30:13-37
144            android:permission="android.permission.BIND_JOB_SERVICE" >
144-->[:zego-zpns-react-native] AndroidManifest.xml:31:13-69
145        </service>
146
147        <activity
147-->[com.facebook.react:react-android:0.74.1] AndroidManifest.xml:19:9-21:40
148            android:name="com.facebook.react.devsupport.DevSettingsActivity"
148-->[com.facebook.react:react-android:0.74.1] AndroidManifest.xml:20:13-77
149            android:exported="false" />
149-->[com.facebook.react:react-android:0.74.1] AndroidManifest.xml:21:13-37
150
151        <receiver
151-->[com.google.firebase:firebase-messaging:24.0.0] AndroidManifest.xml:29:9-40:20
152            android:name="com.google.firebase.iid.FirebaseInstanceIdReceiver"
152-->[com.google.firebase:firebase-messaging:24.0.0] AndroidManifest.xml:30:13-78
153            android:exported="true"
153-->[com.google.firebase:firebase-messaging:24.0.0] AndroidManifest.xml:31:13-36
154            android:permission="com.google.android.c2dm.permission.SEND" >
154-->[com.google.firebase:firebase-messaging:24.0.0] AndroidManifest.xml:32:13-73
155            <intent-filter>
155-->[:zego-zpns-react-native] AndroidManifest.xml:22:13-24:29
156                <action android:name="com.google.android.c2dm.intent.RECEIVE" />
156-->[:zego-zpns-react-native] AndroidManifest.xml:23:17-81
156-->[:zego-zpns-react-native] AndroidManifest.xml:23:25-78
157            </intent-filter>
158
159            <meta-data
159-->[com.google.firebase:firebase-messaging:24.0.0] AndroidManifest.xml:37:13-39:40
160                android:name="com.google.android.gms.cloudmessaging.FINISHED_AFTER_HANDLED"
160-->[com.google.firebase:firebase-messaging:24.0.0] AndroidManifest.xml:38:17-92
161                android:value="true" />
161-->[com.google.firebase:firebase-messaging:24.0.0] AndroidManifest.xml:39:17-37
162        </receiver>
163        <!--
164             FirebaseMessagingService performs security checks at runtime,
165             but set to not exported to explicitly avoid allowing another app to call it.
166        -->
167        <service
167-->[com.google.firebase:firebase-messaging:24.0.0] AndroidManifest.xml:46:9-53:19
168            android:name="com.google.firebase.messaging.FirebaseMessagingService"
168-->[com.google.firebase:firebase-messaging:24.0.0] AndroidManifest.xml:47:13-82
169            android:directBootAware="true"
169-->[com.google.firebase:firebase-messaging:24.0.0] AndroidManifest.xml:48:13-43
170            android:exported="false" >
170-->[com.google.firebase:firebase-messaging:24.0.0] AndroidManifest.xml:49:13-37
171            <intent-filter android:priority="-500" >
171-->[com.google.firebase:firebase-messaging:24.0.0] AndroidManifest.xml:50:13-52:29
171-->[com.google.firebase:firebase-messaging:24.0.0] AndroidManifest.xml:50:28-51
172                <action android:name="com.google.firebase.MESSAGING_EVENT" />
172-->[com.google.firebase:firebase-messaging:24.0.0] AndroidManifest.xml:51:17-78
172-->[com.google.firebase:firebase-messaging:24.0.0] AndroidManifest.xml:51:25-75
173            </intent-filter>
174        </service>
175        <service
175-->[com.google.firebase:firebase-messaging:24.0.0] AndroidManifest.xml:54:9-63:19
176            android:name="com.google.firebase.components.ComponentDiscoveryService"
176-->[com.google.firebase:firebase-messaging:24.0.0] AndroidManifest.xml:55:13-84
177            android:directBootAware="true"
177-->[com.google.firebase:firebase-common:21.0.0] AndroidManifest.xml:32:13-43
178            android:exported="false" >
178-->[com.google.firebase:firebase-messaging:24.0.0] AndroidManifest.xml:56:13-37
179            <meta-data
179-->[com.google.firebase:firebase-messaging:24.0.0] AndroidManifest.xml:57:13-59:85
180                android:name="com.google.firebase.components:com.google.firebase.messaging.FirebaseMessagingKtxRegistrar"
180-->[com.google.firebase:firebase-messaging:24.0.0] AndroidManifest.xml:58:17-122
181                android:value="com.google.firebase.components.ComponentRegistrar" />
181-->[com.google.firebase:firebase-messaging:24.0.0] AndroidManifest.xml:59:17-82
182            <meta-data
182-->[com.google.firebase:firebase-messaging:24.0.0] AndroidManifest.xml:60:13-62:85
183                android:name="com.google.firebase.components:com.google.firebase.messaging.FirebaseMessagingRegistrar"
183-->[com.google.firebase:firebase-messaging:24.0.0] AndroidManifest.xml:61:17-119
184                android:value="com.google.firebase.components.ComponentRegistrar" />
184-->[com.google.firebase:firebase-messaging:24.0.0] AndroidManifest.xml:62:17-82
185            <meta-data
185-->[com.google.android.gms:play-services-measurement-api:22.0.0] AndroidManifest.xml:37:13-39:85
186                android:name="com.google.firebase.components:com.google.firebase.analytics.connector.internal.AnalyticsConnectorRegistrar"
186-->[com.google.android.gms:play-services-measurement-api:22.0.0] AndroidManifest.xml:38:17-139
187                android:value="com.google.firebase.components.ComponentRegistrar" />
187-->[com.google.android.gms:play-services-measurement-api:22.0.0] AndroidManifest.xml:39:17-82
188            <meta-data
188-->[com.google.firebase:firebase-installations:18.0.0] AndroidManifest.xml:15:13-17:85
189                android:name="com.google.firebase.components:com.google.firebase.installations.FirebaseInstallationsKtxRegistrar"
189-->[com.google.firebase:firebase-installations:18.0.0] AndroidManifest.xml:16:17-130
190                android:value="com.google.firebase.components.ComponentRegistrar" />
190-->[com.google.firebase:firebase-installations:18.0.0] AndroidManifest.xml:17:17-82
191            <meta-data
191-->[com.google.firebase:firebase-installations:18.0.0] AndroidManifest.xml:18:13-20:85
192                android:name="com.google.firebase.components:com.google.firebase.installations.FirebaseInstallationsRegistrar"
192-->[com.google.firebase:firebase-installations:18.0.0] AndroidManifest.xml:19:17-127
193                android:value="com.google.firebase.components.ComponentRegistrar" />
193-->[com.google.firebase:firebase-installations:18.0.0] AndroidManifest.xml:20:17-82
194            <meta-data
194-->[com.google.firebase:firebase-common-ktx:21.0.0] AndroidManifest.xml:12:13-14:85
195                android:name="com.google.firebase.components:com.google.firebase.ktx.FirebaseCommonLegacyRegistrar"
195-->[com.google.firebase:firebase-common-ktx:21.0.0] AndroidManifest.xml:13:17-116
196                android:value="com.google.firebase.components.ComponentRegistrar" />
196-->[com.google.firebase:firebase-common-ktx:21.0.0] AndroidManifest.xml:14:17-82
197            <meta-data
197-->[com.google.firebase:firebase-common:21.0.0] AndroidManifest.xml:35:13-37:85
198                android:name="com.google.firebase.components:com.google.firebase.FirebaseCommonKtxRegistrar"
198-->[com.google.firebase:firebase-common:21.0.0] AndroidManifest.xml:36:17-109
199                android:value="com.google.firebase.components.ComponentRegistrar" />
199-->[com.google.firebase:firebase-common:21.0.0] AndroidManifest.xml:37:17-82
200            <meta-data
200-->[com.google.firebase:firebase-datatransport:18.2.0] AndroidManifest.xml:25:13-27:85
201                android:name="com.google.firebase.components:com.google.firebase.datatransport.TransportRegistrar"
201-->[com.google.firebase:firebase-datatransport:18.2.0] AndroidManifest.xml:26:17-115
202                android:value="com.google.firebase.components.ComponentRegistrar" />
202-->[com.google.firebase:firebase-datatransport:18.2.0] AndroidManifest.xml:27:17-82
203        </service>
204
205        <property
205-->[com.google.android.gms:play-services-measurement-api:22.0.0] AndroidManifest.xml:30:9-32:61
206            android:name="android.adservices.AD_SERVICES_CONFIG"
206-->[com.google.android.gms:play-services-measurement-api:22.0.0] AndroidManifest.xml:31:13-65
207            android:resource="@xml/ga_ad_services_config" />
207-->[com.google.android.gms:play-services-measurement-api:22.0.0] AndroidManifest.xml:32:13-58
208
209        <provider
209-->[com.google.firebase:firebase-common:21.0.0] AndroidManifest.xml:23:9-28:39
210            android:name="com.google.firebase.provider.FirebaseInitProvider"
210-->[com.google.firebase:firebase-common:21.0.0] AndroidManifest.xml:24:13-77
211            android:authorities="com.chatapp.firebaseinitprovider"
211-->[com.google.firebase:firebase-common:21.0.0] AndroidManifest.xml:25:13-72
212            android:directBootAware="true"
212-->[com.google.firebase:firebase-common:21.0.0] AndroidManifest.xml:26:13-43
213            android:exported="false"
213-->[com.google.firebase:firebase-common:21.0.0] AndroidManifest.xml:27:13-37
214            android:initOrder="100" />
214-->[com.google.firebase:firebase-common:21.0.0] AndroidManifest.xml:28:13-36
215
216        <activity
216-->[com.google.android.gms:play-services-base:18.0.1] AndroidManifest.xml:20:9-22:45
217            android:name="com.google.android.gms.common.api.GoogleApiActivity"
217-->[com.google.android.gms:play-services-base:18.0.1] AndroidManifest.xml:20:19-85
218            android:exported="false"
218-->[com.google.android.gms:play-services-base:18.0.1] AndroidManifest.xml:22:19-43
219            android:theme="@android:style/Theme.Translucent.NoTitleBar" />
219-->[com.google.android.gms:play-services-base:18.0.1] AndroidManifest.xml:21:19-78
220
221        <receiver
221-->[com.google.android.gms:play-services-measurement:22.0.0] AndroidManifest.xml:29:9-33:20
222            android:name="com.google.android.gms.measurement.AppMeasurementReceiver"
222-->[com.google.android.gms:play-services-measurement:22.0.0] AndroidManifest.xml:30:13-85
223            android:enabled="true"
223-->[com.google.android.gms:play-services-measurement:22.0.0] AndroidManifest.xml:31:13-35
224            android:exported="false" >
224-->[com.google.android.gms:play-services-measurement:22.0.0] AndroidManifest.xml:32:13-37
225        </receiver>
226
227        <service
227-->[com.google.android.gms:play-services-measurement:22.0.0] AndroidManifest.xml:35:9-38:40
228            android:name="com.google.android.gms.measurement.AppMeasurementService"
228-->[com.google.android.gms:play-services-measurement:22.0.0] AndroidManifest.xml:36:13-84
229            android:enabled="true"
229-->[com.google.android.gms:play-services-measurement:22.0.0] AndroidManifest.xml:37:13-35
230            android:exported="false" />
230-->[com.google.android.gms:play-services-measurement:22.0.0] AndroidManifest.xml:38:13-37
231        <service
231-->[com.google.android.gms:play-services-measurement:22.0.0] AndroidManifest.xml:39:9-43:72
232            android:name="com.google.android.gms.measurement.AppMeasurementJobService"
232-->[com.google.android.gms:play-services-measurement:22.0.0] AndroidManifest.xml:40:13-87
233            android:enabled="true"
233-->[com.google.android.gms:play-services-measurement:22.0.0] AndroidManifest.xml:41:13-35
234            android:exported="false"
234-->[com.google.android.gms:play-services-measurement:22.0.0] AndroidManifest.xml:42:13-37
235            android:permission="android.permission.BIND_JOB_SERVICE" />
235-->[com.google.android.gms:play-services-measurement:22.0.0] AndroidManifest.xml:43:13-69
236
237        <uses-library
237-->[androidx.privacysandbox.ads:ads-adservices:1.0.0-beta05] AndroidManifest.xml:23:9-25:40
238            android:name="android.ext.adservices"
238-->[androidx.privacysandbox.ads:ads-adservices:1.0.0-beta05] AndroidManifest.xml:24:13-50
239            android:required="false" />
239-->[androidx.privacysandbox.ads:ads-adservices:1.0.0-beta05] AndroidManifest.xml:25:13-37
240
241        <meta-data
241-->[com.google.android.gms:play-services-basement:18.3.0] AndroidManifest.xml:21:9-23:69
242            android:name="com.google.android.gms.version"
242-->[com.google.android.gms:play-services-basement:18.3.0] AndroidManifest.xml:22:13-58
243            android:value="@integer/google_play_services_version" />
243-->[com.google.android.gms:play-services-basement:18.3.0] AndroidManifest.xml:23:13-66
244
245        <provider
245-->[androidx.work:work-runtime:2.7.1] AndroidManifest.xml:31:9-39:20
246            android:name="androidx.startup.InitializationProvider"
246-->[androidx.work:work-runtime:2.7.1] AndroidManifest.xml:32:13-67
247            android:authorities="com.chatapp.androidx-startup"
247-->[androidx.work:work-runtime:2.7.1] AndroidManifest.xml:33:13-68
248            android:exported="false" >
248-->[androidx.work:work-runtime:2.7.1] AndroidManifest.xml:34:13-37
249            <meta-data
249-->[androidx.work:work-runtime:2.7.1] AndroidManifest.xml:36:13-38:52
250                android:name="androidx.work.WorkManagerInitializer"
250-->[androidx.work:work-runtime:2.7.1] AndroidManifest.xml:37:17-68
251                android:value="androidx.startup" />
251-->[androidx.work:work-runtime:2.7.1] AndroidManifest.xml:38:17-49
252            <meta-data
252-->[androidx.emoji2:emoji2:1.2.0] AndroidManifest.xml:29:13-31:52
253                android:name="androidx.emoji2.text.EmojiCompatInitializer"
253-->[androidx.emoji2:emoji2:1.2.0] AndroidManifest.xml:30:17-75
254                android:value="androidx.startup" />
254-->[androidx.emoji2:emoji2:1.2.0] AndroidManifest.xml:31:17-49
255            <meta-data
255-->[androidx.lifecycle:lifecycle-process:2.4.1] AndroidManifest.xml:31:13-33:52
256                android:name="androidx.lifecycle.ProcessLifecycleInitializer"
256-->[androidx.lifecycle:lifecycle-process:2.4.1] AndroidManifest.xml:32:17-78
257                android:value="androidx.startup" />
257-->[androidx.lifecycle:lifecycle-process:2.4.1] AndroidManifest.xml:33:17-49
258        </provider>
259
260        <service
260-->[androidx.work:work-runtime:2.7.1] AndroidManifest.xml:41:9-46:35
261            android:name="androidx.work.impl.background.systemalarm.SystemAlarmService"
261-->[androidx.work:work-runtime:2.7.1] AndroidManifest.xml:42:13-88
262            android:directBootAware="false"
262-->[androidx.work:work-runtime:2.7.1] AndroidManifest.xml:43:13-44